root - WARNING - Getting decision for ~ 
root - WARNING - {'basic_questions': {'first_name': 'Frank', 'middle_names': 'Mike', 'last_name': 'Coffey', 'date_of_birth': '1989-08-30', 'amount_requested': 1000}, 'credit_report': {'first_name': 'Frank', 'middle_names': 'Mike', 'last_name': 'Coffey', 'date_of_birth': '1989-08-30', 'score': 97, 'credit_limit': 1000, 'credit_utilisation': 0.2, 'number_of_accounts': 2, 'age_of_oldest_account': 14, 'missed_payments_last_12m': 8}, 'company_report': {'company_name': 'Adams-Flores', 'company_number': 958786617, 'company_type': 'Limited Company', 'incorporation_date': '1984-03-01', 'liabilities': 55000.0, 'score': 0, 'opinion': 'Poor', 'turnover': 68000.0, 'number_of_employees': 1, 'region': 'Yorkshire and the Humber', 'assets': 21000.0}}
root - WARNING - evaluated decision:
root - WARNING - 0.38181818181818183
root - WARNING - decision made :
root - WARNING - False
root - WARNING - {}
root - WARNING - Getting decision for ~ 
root - WARNING - {}
root - WARNING - Getting decision for ~ 
root - WARNING - {'basic_questions': {'first_name': 'David', 'middle_names': 'Ricardo', 'last_name': 'Nguyen', 'date_of_birth': '1929-09-26', 'amount_requested': 5000}, 'credit_report': {'first_name': 'David', 'middle_names': 'Ricardo', 'last_name': 'Nguyen', 'date_of_birth': '1929-09-26', 'score': 15, 'credit_limit': 1000, 'credit_utilisation': 0.2, 'number_of_accounts': 0, 'age_of_oldest_account': 13, 'missed_payments_last_12m': 0}, 'company_report': {'company_name': 'Butler Inc', 'company_number': 525149632, 'company_type': 'Limited Company', 'incorporation_date': '1979-10-10', 'liabilities': 28000.0, 'score': 99, 'opinion': 'Outstanding', 'turnover': 79935000.0, 'number_of_employees': 1334, 'region': 'London', 'assets': 51967000.0}}
root - WARNING - evaluated decision:
root - WARNING - 1855.9642857142858
root - WARNING - decision made :
root - WARNING - True
root - WARNING - {'amount': 5000, 'interest_rate': 0.01, 'fee_amount': 0, 'fee_rate': 0}
root - WARNING - Getting decision for ~ 
root - WARNING - {'basic_questions': {'first_name': 'Cindy', 'middle_names': 'Daniel', 'last_name': 'Cruz', 'date_of_birth': '1964-11-30', 'amount_requested': 3000}, 'credit_report': {'first_name': 'Cindy', 'middle_names': 'Daniel', 'last_name': 'Cruz', 'date_of_birth': '1964-11-30', 'score': 100, 'credit_limit': 0, 'credit_utilisation': 0.2, 'number_of_accounts': 6, 'age_of_oldest_account': 18, 'missed_payments_last_12m': 3}, 'company_report': {'company_name': 'Brown, Tyler and Paul', 'company_number': 344706528, 'company_type': 'Limited Company', 'incorporation_date': '2005-08-29', 'liabilities': 20000.0, 'score': -5, 'opinion': 'Woeful', 'turnover': 28000.0, 'number_of_employees': 1, 'region': 'West Midlands', 'assets': 69000.0}}
root - WARNING - evaluated decision:
root - WARNING - 3.45
root - WARNING - decision made :
root - WARNING - True
root - WARNING - {'amount': 3000, 'interest_rate': 0.01, 'fee_amount': 0, 'fee_rate': 0}
root - WARNING - Getting decision for ~ 
root - WARNING - {}
root - WARNING - Getting decision for ~ 
root - WARNING - {'basic_questions': {'first_name': 'Cheryl', 'middle_names': 'Patricia', 'last_name': 'Walters', 'date_of_birth': '1957-09-28', 'amount_requested': 4000}, 'credit_report': {'first_name': 'Cheryl', 'middle_names': 'Patricia', 'last_name': 'Walters', 'date_of_birth': '1957-09-28', 'score': 74, 'credit_limit': 1000, 'credit_utilisation': 0.2, 'number_of_accounts': 2, 'age_of_oldest_account': 13, 'missed_payments_last_12m': 1}, 'company_report': {'company_name': 'Jones PLC', 'company_number': 153309927, 'company_type': 'Limited Company', 'incorporation_date': '1991-12-02', 'liabilities': 273000.0, 'score': 34, 'opinion': 'Good', 'turnover': 9668000.0, 'number_of_employees': 2645, 'region': 'West Midlands', 'assets': 120000.0}}
root - WARNING - evaluated decision:
root - WARNING - 0.43956043956043955
root - WARNING - decision made :
root - WARNING - False
root - WARNING - {}
root - WARNING - Getting decision for ~ 
root - WARNING - {'basic_questions': {'first_name': 'Marie', 'middle_names': 'Stephanie', 'last_name': 'Jones', 'date_of_birth': '1909-08-27', 'amount_requested': 4000}, 'credit_report': {'first_name': 'Marie', 'middle_names': 'Stephanie', 'last_name': 'Jones', 'date_of_birth': '1909-08-27', 'score': 77, 'credit_limit': 5000, 'credit_utilisation': 0.2, 'number_of_accounts': 3, 'age_of_oldest_account': 2, 'missed_payments_last_12m': 3}, 'company_report': {'company_name': 'Becker-Morris', 'company_number': 905752920, 'company_type': 'Limited Company', 'incorporation_date': '2005-05-20', 'liabilities': 435000.0, 'score': 28, 'opinion': 'Good', 'turnover': 253000.0, 'number_of_employees': 7, 'region': 'Wales', 'assets': 17000.0}}
root - WARNING - evaluated decision:
root - WARNING - 0.03908045977011494
root - WARNING - decision made :
root - WARNING - False
root - WARNING - {}
